[debug] [2024-09-06T07:23:20.706Z] ----------------------------------------------------------------------
[debug] [2024-09-06T07:23:20.708Z] Command:       C:\Program Files\nodejs\node.exe C:\Users\S5\AppData\Roaming\npm\node_modules\firebase-tools\lib\bin\firebase.js projects:list --json
[debug] [2024-09-06T07:23:20.708Z] CLI Version:   13.10.1
[debug] [2024-09-06T07:23:20.709Z] Platform:      win32
[debug] [2024-09-06T07:23:20.709Z] Node Version:  v20.13.1
[debug] [2024-09-06T07:23:20.709Z] Time:          Fri Sep 06 2024 12:53:20 GMT+0530 (India Standard Time)
[debug] [2024-09-06T07:23:20.709Z] ----------------------------------------------------------------------
[debug] 
[debug] [2024-09-06T07:23:20.713Z] > command requires scopes: ["email","openid","https://www.googleapis.com/auth/cloudplatformprojects.readonly","https://www.googleapis.com/auth/firebase","https://www.googleapis.com/auth/cloud-platform"]
[debug] [2024-09-06T07:23:20.713Z] > authorizing via signed-in user (pratham.bhavsar501@gmail.com)
[debug] [2024-09-06T07:23:20.717Z] >>> [apiv2][query] GET https://firebase.googleapis.com/v1beta1/projects pageSize=1000
[debug] [2024-09-06T07:23:20.751Z] Error: EPIPE: broken pipe, write
    at Socket._write (node:internal/net:61:18)
    at writeOrBuffer (node:internal/streams/writable:564:12)
    at _write (node:internal/streams/writable:493:10)
    at Writable.write (node:internal/streams/writable:502:10)
    at Ora.start (C:\Users\S5\AppData\Roaming\npm\node_modules\firebase-tools\node_modules\ora\index.js:304:17)
    at Command.actionFn (C:\Users\S5\AppData\Roaming\npm\node_modules\firebase-tools\lib\commands\projects-list.js:48:73)
    at C:\Users\S5\AppData\Roaming\npm\node_modules\firebase-tools\lib\command.js:228:25
    at process.processTicksAndRejections (node:internal/process/task_queues:95:5)
[error] 
[error] Error: An unexpected error has occurred.
